<?xml version="1.0" encoding="UTF-8"?>
<!-- Generated by org.testng.reporters.JUnitXMLReporter -->
<testsuite ignored="5" hostname="LTIN292975" failures="1" tests="2" name="Test" time="10.877" errors="0" timestamp="2024-09-27T12:07:12 IST">
  <testcase classname="com.swag.testcases.LoginFunctionalityTest" name="loginPositiveScenario" time="2.036"/>
  <testcase classname="com.swag.testcases.ApplyFilterFunctionalityTest" name="filterFunctionality" time="0.052">
    <failure type="java.lang.NullPointerException" message="Cannot invoke &amp;quot;String.contains(java.lang.CharSequence)&amp;quot; because &amp;quot;toEscape&amp;quot; is null">
      <![CDATA[java.lang.NullPointerException: Cannot invoke "String.contains(java.lang.CharSequence)" because "toEscape" is null
at org.openqa.selenium.support.ui.Quotes.escape(Quotes.java:38)
at org.openqa.selenium.support.ui.Select.findOptionsByValue(Select.java:287)
at org.openqa.selenium.support.ui.Select.selectByValue(Select.java:194)
at com.swag.pom.ProductListPage.applyFilter(ProductListPage.java:37)
at com.swag.testcases.ApplyFilterFunctionalityTest.filterFunctionality(ApplyFilterFunctionalityTest.java:28)
at java.base/java.util.ArrayList.forEach(ArrayList.java:1511)
... Removed 27 stack frames]]>
    </failure>
  </testcase> <!-- filterFunctionality -->
  <testcase classname="com.swag.testcases.LoginFunctionalityTest" name="loginNegativeScenario" time="0.0">
    <ignored/>
  </testcase> <!-- loginNegativeScenario -->
  <testcase classname="com.swag.basetest.CommonToAllTest" name="@AfterTest TearDown" time="0.0">
    <ignored/>
  </testcase> <!-- @AfterTest TearDown -->
  <testcase classname="com.swag.basetest.CommonToAllTest" name="@BeforeTest Setup" time="0.0">
    <ignored/>
  </testcase> <!-- @BeforeTest Setup -->
  <testcase classname="com.swag.basetest.CommonToAllTest" name="@BeforeTest Setup" time="0.0">
    <ignored/>
  </testcase> <!-- @BeforeTest Setup -->
  <testcase classname="com.swag.basetest.CommonToAllTest" name="@AfterTest TearDown" time="0.0">
    <ignored/>
  </testcase> <!-- @AfterTest TearDown -->
</testsuite> <!-- Test -->
